{"E:\\NODE_CTD\\CTD_NODE_Repository\\node-homework\\app.js": {"path":"E:\\NODE_CTD\\CTD_NODE_Repository\\node-homework\\app.js","statementMap":{"0":{"start":{"line":1,"column":16},"end":{"line":1,"column":34}},"1":{"start":{"line":2,"column":12},"end":{"line":2,"column":21}},"2":{"start":{"line":3,"column":21},"end":{"line":3,"column":58}},"3":{"start":{"line":4,"column":17},"end":{"line":4,"column":50}},"4":{"start":{"line":5,"column":24},"end":{"line":5,"column":52}},"5":{"start":{"line":6,"column":19},"end":{"line":6,"column":49}},"6":{"start":{"line":7,"column":19},"end":{"line":7,"column":49}},"7":{"start":{"line":8,"column":24},"end":{"line":8,"column":59}},"8":{"start":{"line":10,"column":22},"end":{"line":10,"column":59}},"9":{"start":{"line":11,"column":21},"end":{"line":11,"column":45}},"10":{"start":{"line":12,"column":13},"end":{"line":12,"column":28}},"11":{"start":{"line":14,"column":0},"end":{"line":14,"column":26}},"12":{"start":{"line":15,"column":15},"end":{"line":15,"column":32}},"13":{"start":{"line":16,"column":16},"end":{"line":16,"column":48}},"14":{"start":{"line":17,"column":20},"end":{"line":17,"column":49}},"15":{"start":{"line":19,"column":15},"end":{"line":19,"column":37}},"16":{"start":{"line":21,"column":0},"end":{"line":21,"column":61}},"17":{"start":{"line":22,"column":0},"end":{"line":22,"column":18}},"18":{"start":{"line":24,"column":16},"end":{"line":24,"column":41}},"19":{"start":{"line":25,"column":0},"end":{"line":32,"column":2}},"20":{"start":{"line":33,"column":0},"end":{"line":43,"column":3}},"21":{"start":{"line":34,"column":2},"end":{"line":41,"column":4}},"22":{"start":{"line":42,"column":2},"end":{"line":42,"column":9}},"23":{"start":{"line":44,"column":0},"end":{"line":53,"column":3}},"24":{"start":{"line":45,"column":2},"end":{"line":52,"column":3}},"25":{"start":{"line":46,"column":4},"end":{"line":46,"column":37}},"26":{"start":{"line":47,"column":4},"end":{"line":47,"column":48}},"27":{"start":{"line":49,"column":4},"end":{"line":51,"column":68}},"28":{"start":{"line":54,"column":0},"end":{"line":56,"column":3}},"29":{"start":{"line":55,"column":2},"end":{"line":55,"column":40}},"30":{"start":{"line":58,"column":0},"end":{"line":60,"column":3}},"31":{"start":{"line":59,"column":2},"end":{"line":59,"column":68}},"32":{"start":{"line":62,"column":0},"end":{"line":62,"column":24}},"33":{"start":{"line":63,"column":0},"end":{"line":63,"column":40}},"34":{"start":{"line":64,"column":0},"end":{"line":64,"column":15}},"35":{"start":{"line":65,"column":0},"end":{"line":65,"column":49}},"36":{"start":{"line":66,"column":0},"end":{"line":66,"column":34}},"37":{"start":{"line":67,"column":0},"end":{"line":67,"column":58}},"38":{"start":{"line":70,"column":0},"end":{"line":70,"column":18}},"39":{"start":{"line":71,"column":0},"end":{"line":71,"column":22}},"40":{"start":{"line":77,"column":13},"end":{"line":77,"column":37}},"41":{"start":{"line":78,"column":15},"end":{"line":81,"column":2}},"42":{"start":{"line":79,"column":2},"end":{"line":79,"column":56}},"43":{"start":{"line":80,"column":2},"end":{"line":80,"column":66}},"44":{"start":{"line":87,"column":0},"end":{"line":93,"column":3}},"45":{"start":{"line":88,"column":2},"end":{"line":92,"column":3}},"46":{"start":{"line":89,"column":4},"end":{"line":89,"column":53}},"47":{"start":{"line":91,"column":4},"end":{"line":91,"column":41}},"48":{"start":{"line":94,"column":21},"end":{"line":94,"column":26}},"49":{"start":{"line":98,"column":2},"end":{"line":98,"column":29}},"50":{"start":{"line":98,"column":22},"end":{"line":98,"column":29}},"51":{"start":{"line":99,"column":2},"end":{"line":99,"column":24}},"52":{"start":{"line":100,"column":2},"end":{"line":100,"column":45}},"53":{"start":{"line":101,"column":2},"end":{"line":113,"column":3}},"54":{"start":{"line":102,"column":4},"end":{"line":102,"column":58}},"55":{"start":{"line":102,"column":35},"end":{"line":102,"column":56}},"56":{"start":{"line":104,"column":4},"end":{"line":104,"column":31}},"57":{"start":{"line":105,"column":4},"end":{"line":105,"column":39}},"58":{"start":{"line":106,"column":4},"end":{"line":106,"column":39}},"59":{"start":{"line":108,"column":4},"end":{"line":108,"column":48}},"60":{"start":{"line":109,"column":4},"end":{"line":109,"column":13}},"61":{"start":{"line":111,"column":4},"end":{"line":111,"column":38}},"62":{"start":{"line":112,"column":4},"end":{"line":112,"column":23}},"63":{"start":{"line":116,"column":0},"end":{"line":116,"column":40}},"64":{"start":{"line":116,"column":27},"end":{"line":116,"column":38}},"65":{"start":{"line":117,"column":0},"end":{"line":117,"column":41}},"66":{"start":{"line":117,"column":28},"end":{"line":117,"column":39}},"67":{"start":{"line":118,"column":0},"end":{"line":121,"column":3}},"68":{"start":{"line":119,"column":2},"end":{"line":119,"column":42}},"69":{"start":{"line":120,"column":2},"end":{"line":120,"column":14}},"70":{"start":{"line":122,"column":0},"end":{"line":125,"column":3}},"71":{"start":{"line":123,"column":2},"end":{"line":123,"column":48}},"72":{"start":{"line":124,"column":2},"end":{"line":124,"column":14}},"73":{"start":{"line":130,"column":0},"end":{"line":130,"column":33}}},"fnMap":{"0":{"name":"(anonymous_0)","decl":{"start":{"line":33,"column":8},"end":{"line":33,"column":9}},"loc":{"start":{"line":33,"column":28},"end":{"line":43,"column":1}},"line":33},"1":{"name":"(anonymous_1)","decl":{"start":{"line":44,"column":19},"end":{"line":44,"column":20}},"loc":{"start":{"line":44,"column":39},"end":{"line":53,"column":1}},"line":44},"2":{"name":"(anonymous_2)","decl":{"start":{"line":54,"column":13},"end":{"line":54,"column":14}},"loc":{"start":{"line":54,"column":27},"end":{"line":56,"column":1}},"line":54},"3":{"name":"(anonymous_3)","decl":{"start":{"line":58,"column":22},"end":{"line":58,"column":23}},"loc":{"start":{"line":58,"column":36},"end":{"line":60,"column":1}},"line":58},"4":{"name":"(anonymous_4)","decl":{"start":{"line":78,"column":32},"end":{"line":78,"column":33}},"loc":{"start":{"line":78,"column":38},"end":{"line":81,"column":1}},"line":78},"5":{"name":"(anonymous_5)","decl":{"start":{"line":87,"column":19},"end":{"line":87,"column":20}},"loc":{"start":{"line":87,"column":28},"end":{"line":93,"column":1}},"line":87},"6":{"name":"shutdown","decl":{"start":{"line":97,"column":15},"end":{"line":97,"column":23}},"loc":{"start":{"line":97,"column":34},"end":{"line":114,"column":1}},"line":97},"7":{"name":"(anonymous_7)","decl":{"start":{"line":102,"column":22},"end":{"line":102,"column":23}},"loc":{"start":{"line":102,"column":35},"end":{"line":102,"column":56}},"line":102},"8":{"name":"(anonymous_8)","decl":{"start":{"line":116,"column":21},"end":{"line":116,"column":22}},"loc":{"start":{"line":116,"column":27},"end":{"line":116,"column":38}},"line":116},"9":{"name":"(anonymous_9)","decl":{"start":{"line":117,"column":22},"end":{"line":117,"column":23}},"loc":{"start":{"line":117,"column":28},"end":{"line":117,"column":39}},"line":117},"10":{"name":"(anonymous_10)","decl":{"start":{"line":118,"column":32},"end":{"line":118,"column":33}},"loc":{"start":{"line":118,"column":41},"end":{"line":121,"column":1}},"line":118},"11":{"name":"(anonymous_11)","decl":{"start":{"line":122,"column":33},"end":{"line":122,"column":34}},"loc":{"start":{"line":122,"column":45},"end":{"line":125,"column":1}},"line":122}},"branchMap":{"0":{"loc":{"start":{"line":77,"column":13},"end":{"line":77,"column":37}},"type":"binary-expr","locations":[{"start":{"line":77,"column":13},"end":{"line":77,"column":29}},{"start":{"line":77,"column":33},"end":{"line":77,"column":37}}],"line":77},"1":{"loc":{"start":{"line":88,"column":2},"end":{"line":92,"column":3}},"type":"if","locations":[{"start":{"line":88,"column":2},"end":{"line":92,"column":3}},{"start":{"line":90,"column":9},"end":{"line":92,"column":3}}],"line":88},"2":{"loc":{"start":{"line":97,"column":24},"end":{"line":97,"column":32}},"type":"default-arg","locations":[{"start":{"line":97,"column":31},"end":{"line":97,"column":32}}],"line":97},"3":{"loc":{"start":{"line":98,"column":2},"end":{"line":98,"column":29}},"type":"if","locations":[{"start":{"line":98,"column":2},"end":{"line":98,"column":29}},{"start":{},"end":{}}],"line":98}},"s":{"0":1,"1":1,"2":1,"3":1,"4":1,"5":1,"6":1,"7":1,"8":1,"9":1,"10":1,"11":1,"12":1,"13":1,"14":1,"15":1,"16":1,"17":1,"18":1,"19":1,"20":1,"21":6,"22":6,"23":1,"24":0,"25":0,"26":0,"27":0,"28":1,"29":0,"30":1,"31":0,"32":1,"33":1,"34":1,"35":1,"36":1,"37":1,"38":1,"39":1,"40":1,"41":1,"42":1,"43":1,"44":1,"45":0,"46":0,"47":0,"48":1,"49":0,"50":0,"51":0,"52":0,"53":0,"54":0,"55":0,"56":0,"57":0,"58":0,"59":0,"60":0,"61":0,"62":0,"63":1,"64":0,"65":1,"66":0,"67":1,"68":0,"69":0,"70":1,"71":0,"72":0,"73":1},"f":{"0":6,"1":0,"2":0,"3":0,"4":1,"5":0,"6":0,"7":0,"8":0,"9":0,"10":0,"11":0},"b":{"0":[1,1],"1":[0,0],"2":[0],"3":[0,0]},"_coverageSchema":"1a1c01bbd47fc00a2c39e90264f33305004495a9","hash":"b66264e21f5c2c969f3da80539f845d820cc34bf"}
,"E:\\NODE_CTD\\CTD_NODE_Repository\\node-homework\\controllers\\analyticsController.js": {"path":"E:\\NODE_CTD\\CTD_NODE_Repository\\node-homework\\controllers\\analyticsController.js","statementMap":{"0":{"start":{"line":1,"column":24},"end":{"line":1,"column":52}},"1":{"start":{"line":2,"column":15},"end":{"line":2,"column":38}},"2":{"start":{"line":4,"column":25},"end":{"line":58,"column":1}},"3":{"start":{"line":5,"column":17},"end":{"line":5,"column":40}},"4":{"start":{"line":6,"column":2},"end":{"line":10,"column":3}},"5":{"start":{"line":7,"column":4},"end":{"line":9,"column":44}},"6":{"start":{"line":11,"column":15},"end":{"line":13,"column":4}},"7":{"start":{"line":14,"column":2},"end":{"line":18,"column":3}},"8":{"start":{"line":15,"column":4},"end":{"line":17,"column":61}},"9":{"start":{"line":19,"column":20},"end":{"line":25,"column":4}},"10":{"start":{"line":26,"column":22},"end":{"line":43,"column":4}},"11":{"start":{"line":44,"column":21},"end":{"line":44,"column":31}},"12":{"start":{"line":45,"column":2},"end":{"line":45,"column":47}},"13":{"start":{"line":46,"column":25},"end":{"line":53,"column":4}},"14":{"start":{"line":55,"column":2},"end":{"line":57,"column":54}},"15":{"start":{"line":59,"column":26},"end":{"line":100,"column":1}},"16":{"start":{"line":60,"column":15},"end":{"line":60,"column":44}},"17":{"start":{"line":61,"column":16},"end":{"line":61,"column":47}},"18":{"start":{"line":62,"column":15},"end":{"line":62,"column":33}},"19":{"start":{"line":63,"column":19},"end":{"line":79,"column":4}},"20":{"start":{"line":80,"column":16},"end":{"line":87,"column":5}},"21":{"start":{"line":80,"column":37},"end":{"line":87,"column":3}},"22":{"start":{"line":88,"column":21},"end":{"line":88,"column":46}},"23":{"start":{"line":90,"column":21},"end":{"line":97,"column":3}},"24":{"start":{"line":99,"column":2},"end":{"line":99,"column":64}},"25":{"start":{"line":101,"column":20},"end":{"line":144,"column":1}},"26":{"start":{"line":102,"column":17},"end":{"line":102,"column":48}},"27":{"start":{"line":103,"column":2},"end":{"line":107,"column":3}},"28":{"start":{"line":104,"column":4},"end":{"line":106,"column":74}},"29":{"start":{"line":108,"column":16},"end":{"line":108,"column":47}},"30":{"start":{"line":110,"column":24},"end":{"line":110,"column":37}},"31":{"start":{"line":111,"column":21},"end":{"line":111,"column":27}},"32":{"start":{"line":112,"column":20},"end":{"line":112,"column":32}},"33":{"start":{"line":114,"column":23},"end":{"line":137,"column":3}},"34":{"start":{"line":139,"column":2},"end":{"line":143,"column":5}},"35":{"start":{"line":145,"column":0},"end":{"line":145,"column":70}}},"fnMap":{"0":{"name":"(anonymous_0)","decl":{"start":{"line":4,"column":25},"end":{"line":4,"column":26}},"loc":{"start":{"line":4,"column":45},"end":{"line":58,"column":1}},"line":4},"1":{"name":"(anonymous_1)","decl":{"start":{"line":59,"column":26},"end":{"line":59,"column":27}},"loc":{"start":{"line":59,"column":46},"end":{"line":100,"column":1}},"line":59},"2":{"name":"(anonymous_2)","decl":{"start":{"line":80,"column":29},"end":{"line":80,"column":30}},"loc":{"start":{"line":80,"column":37},"end":{"line":87,"column":3}},"line":80},"3":{"name":"(anonymous_3)","decl":{"start":{"line":101,"column":20},"end":{"line":101,"column":21}},"loc":{"start":{"line":101,"column":40},"end":{"line":144,"column":1}},"line":101}},"branchMap":{"0":{"loc":{"start":{"line":6,"column":2},"end":{"line":10,"column":3}},"type":"if","locations":[{"start":{"line":6,"column":2},"end":{"line":10,"column":3}},{"start":{},"end":{}}],"line":6},"1":{"loc":{"start":{"line":14,"column":2},"end":{"line":18,"column":3}},"type":"if","locations":[{"start":{"line":14,"column":2},"end":{"line":18,"column":3}},{"start":{},"end":{}}],"line":14},"2":{"loc":{"start":{"line":60,"column":15},"end":{"line":60,"column":44}},"type":"binary-expr","locations":[{"start":{"line":60,"column":15},"end":{"line":60,"column":39}},{"start":{"line":60,"column":43},"end":{"line":60,"column":44}}],"line":60},"3":{"loc":{"start":{"line":61,"column":16},"end":{"line":61,"column":47}},"type":"binary-expr","locations":[{"start":{"line":61,"column":16},"end":{"line":61,"column":41}},{"start":{"line":61,"column":45},"end":{"line":61,"column":47}}],"line":61},"4":{"loc":{"start":{"line":102,"column":17},"end":{"line":102,"column":48}},"type":"binary-expr","locations":[{"start":{"line":102,"column":17},"end":{"line":102,"column":28}},{"start":{"line":102,"column":32},"end":{"line":102,"column":48}}],"line":102},"5":{"loc":{"start":{"line":103,"column":2},"end":{"line":107,"column":3}},"type":"if","locations":[{"start":{"line":103,"column":2},"end":{"line":107,"column":3}},{"start":{},"end":{}}],"line":103},"6":{"loc":{"start":{"line":103,"column":6},"end":{"line":103,"column":41}},"type":"binary-expr","locations":[{"start":{"line":103,"column":6},"end":{"line":103,"column":13}},{"start":{"line":103,"column":17},"end":{"line":103,"column":41}}],"line":103},"7":{"loc":{"start":{"line":108,"column":16},"end":{"line":108,"column":47}},"type":"binary-expr","locations":[{"start":{"line":108,"column":16},"end":{"line":108,"column":41}},{"start":{"line":108,"column":45},"end":{"line":108,"column":47}}],"line":108}},"s":{"0":1,"1":1,"2":1,"3":0,"4":0,"5":0,"6":0,"7":0,"8":0,"9":0,"10":0,"11":0,"12":0,"13":0,"14":0,"15":1,"16":0,"17":0,"18":0,"19":0,"20":0,"21":0,"22":0,"23":0,"24":0,"25":1,"26":0,"27":0,"28":0,"29":0,"30":0,"31":0,"32":0,"33":0,"34":0,"35":1},"f":{"0":0,"1":0,"2":0,"3":0},"b":{"0":[0,0],"1":[0,0],"2":[0,0],"3":[0,0],"4":[0,0],"5":[0,0],"6":[0,0],"7":[0,0]},"_coverageSchema":"1a1c01bbd47fc00a2c39e90264f33305004495a9","hash":"f187a879c256270a44918f1d3e2ed02e7f3095aa"}
,"E:\\NODE_CTD\\CTD_NODE_Repository\\node-homework\\controllers\\taskController.js": {"path":"E:\\NODE_CTD\\CTD_NODE_Repository\\node-homework\\controllers\\taskController.js","statementMap":{"0":{"start":{"line":1,"column":24},"end":{"line":1,"column":52}},"1":{"start":{"line":2,"column":40},"end":{"line":2,"column":75}},"2":{"start":{"line":3,"column":20},"end":{"line":3,"column":56}},"3":{"start":{"line":4,"column":15},"end":{"line":4,"column":38}},"4":{"start":{"line":7,"column":30},"end":{"line":7,"column":34}},"5":{"start":{"line":8,"column":2},"end":{"line":8,"column":9}},"6":{"start":{"line":9,"column":2},"end":{"line":9,"column":14}},"7":{"start":{"line":11,"column":19},"end":{"line":25,"column":1}},"8":{"start":{"line":12,"column":26},"end":{"line":18,"column":3}},"9":{"start":{"line":19,"column":17},"end":{"line":19,"column":43}},"10":{"start":{"line":20,"column":24},"end":{"line":20,"column":70}},"11":{"start":{"line":21,"column":2},"end":{"line":23,"column":3}},"12":{"start":{"line":22,"column":4},"end":{"line":22,"column":39}},"13":{"start":{"line":24,"column":2},"end":{"line":24,"column":31}},"14":{"start":{"line":30,"column":6},"end":{"line":30,"column":37}},"15":{"start":{"line":31,"column":2},"end":{"line":35,"column":3}},"16":{"start":{"line":32,"column":4},"end":{"line":34,"column":51}},"17":{"start":{"line":36,"column":15},"end":{"line":36,"column":33}},"18":{"start":{"line":37,"column":62},"end":{"line":37,"column":71}},"19":{"start":{"line":39,"column":17},"end":{"line":39,"column":28}},"20":{"start":{"line":41,"column":2},"end":{"line":43,"column":3}},"21":{"start":{"line":42,"column":4},"end":{"line":42,"column":62}},"22":{"start":{"line":45,"column":22},"end":{"line":45,"column":32}},"23":{"start":{"line":47,"column":2},"end":{"line":52,"column":3}},"24":{"start":{"line":48,"column":4},"end":{"line":51,"column":6}},"25":{"start":{"line":53,"column":2},"end":{"line":55,"column":3}},"26":{"start":{"line":54,"column":4},"end":{"line":54,"column":52}},"27":{"start":{"line":56,"column":2},"end":{"line":58,"column":3}},"28":{"start":{"line":57,"column":4},"end":{"line":57,"column":46}},"29":{"start":{"line":59,"column":2},"end":{"line":61,"column":3}},"30":{"start":{"line":60,"column":4},"end":{"line":60,"column":56}},"31":{"start":{"line":62,"column":2},"end":{"line":64,"column":3}},"32":{"start":{"line":63,"column":4},"end":{"line":63,"column":56}},"33":{"start":{"line":66,"column":16},"end":{"line":79,"column":4}},"34":{"start":{"line":80,"column":2},"end":{"line":84,"column":3}},"35":{"start":{"line":81,"column":4},"end":{"line":83,"column":43}},"36":{"start":{"line":85,"column":21},"end":{"line":87,"column":4}},"37":{"start":{"line":88,"column":21},"end":{"line":95,"column":3}},"38":{"start":{"line":97,"column":2},"end":{"line":97,"column":64}},"39":{"start":{"line":101,"column":2},"end":{"line":101,"column":31}},"40":{"start":{"line":101,"column":17},"end":{"line":101,"column":31}},"41":{"start":{"line":102,"column":27},"end":{"line":102,"column":63}},"42":{"start":{"line":103,"column":2},"end":{"line":105,"column":3}},"43":{"start":{"line":104,"column":4},"end":{"line":104,"column":59}},"44":{"start":{"line":107,"column":15},"end":{"line":115,"column":4}},"45":{"start":{"line":117,"column":2},"end":{"line":117,"column":52}},"46":{"start":{"line":120,"column":17},"end":{"line":120,"column":41}},"47":{"start":{"line":122,"column":2},"end":{"line":126,"column":3}},"48":{"start":{"line":123,"column":4},"end":{"line":125,"column":44}},"49":{"start":{"line":127,"column":2},"end":{"line":155,"column":3}},"50":{"start":{"line":128,"column":17},"end":{"line":140,"column":6}},"51":{"start":{"line":141,"column":4},"end":{"line":145,"column":5}},"52":{"start":{"line":142,"column":6},"end":{"line":144,"column":9}},"53":{"start":{"line":146,"column":4},"end":{"line":146,"column":59}},"54":{"start":{"line":148,"column":4},"end":{"line":154,"column":5}},"55":{"start":{"line":149,"column":6},"end":{"line":151,"column":50}},"56":{"start":{"line":153,"column":6},"end":{"line":153,"column":21}},"57":{"start":{"line":158,"column":17},"end":{"line":158,"column":41}},"58":{"start":{"line":159,"column":2},"end":{"line":163,"column":3}},"59":{"start":{"line":160,"column":4},"end":{"line":162,"column":53}},"60":{"start":{"line":164,"column":27},"end":{"line":164,"column":68}},"61":{"start":{"line":165,"column":2},"end":{"line":167,"column":3}},"62":{"start":{"line":166,"column":4},"end":{"line":166,"column":59}},"63":{"start":{"line":168,"column":2},"end":{"line":186,"column":3}},"64":{"start":{"line":169,"column":17},"end":{"line":176,"column":6}},"65":{"start":{"line":177,"column":4},"end":{"line":177,"column":42}},"66":{"start":{"line":179,"column":4},"end":{"line":185,"column":5}},"67":{"start":{"line":180,"column":6},"end":{"line":182,"column":50}},"68":{"start":{"line":184,"column":6},"end":{"line":184,"column":21}},"69":{"start":{"line":190,"column":17},"end":{"line":190,"column":41}},"70":{"start":{"line":191,"column":2},"end":{"line":195,"column":3}},"71":{"start":{"line":192,"column":4},"end":{"line":194,"column":54}},"72":{"start":{"line":197,"column":2},"end":{"line":222,"column":3}},"73":{"start":{"line":198,"column":4},"end":{"line":209,"column":7}},"74":{"start":{"line":211,"column":4},"end":{"line":213,"column":54}},"75":{"start":{"line":215,"column":4},"end":{"line":221,"column":5}},"76":{"start":{"line":216,"column":6},"end":{"line":218,"column":54}},"77":{"start":{"line":220,"column":6},"end":{"line":220,"column":21}},"78":{"start":{"line":225,"column":19},"end":{"line":262,"column":1}},"79":{"start":{"line":226,"column":20},"end":{"line":226,"column":28}},"80":{"start":{"line":227,"column":2},"end":{"line":231,"column":3}},"81":{"start":{"line":228,"column":4},"end":{"line":230,"column":76}},"82":{"start":{"line":233,"column":21},"end":{"line":233,"column":23}},"83":{"start":{"line":234,"column":2},"end":{"line":247,"column":3}},"84":{"start":{"line":235,"column":29},"end":{"line":235,"column":54}},"85":{"start":{"line":236,"column":4},"end":{"line":240,"column":5}},"86":{"start":{"line":237,"column":6},"end":{"line":239,"column":70}},"87":{"start":{"line":241,"column":4},"end":{"line":246,"column":7}},"88":{"start":{"line":249,"column":2},"end":{"line":261,"column":3}},"89":{"start":{"line":250,"column":19},"end":{"line":253,"column":6}},"90":{"start":{"line":254,"column":4},"end":{"line":258,"column":7}},"91":{"start":{"line":260,"column":4},"end":{"line":260,"column":23}},"92":{"start":{"line":264,"column":0},"end":{"line":264,"column":73}}},"fnMap":{"0":{"name":"sanitize","decl":{"start":{"line":6,"column":9},"end":{"line":6,"column":17}},"loc":{"start":{"line":6,"column":24},"end":{"line":10,"column":1}},"line":6},"1":{"name":"(anonymous_1)","decl":{"start":{"line":11,"column":19},"end":{"line":11,"column":20}},"loc":{"start":{"line":11,"column":30},"end":{"line":25,"column":1}},"line":11},"2":{"name":"index","decl":{"start":{"line":26,"column":15},"end":{"line":26,"column":20}},"loc":{"start":{"line":26,"column":31},"end":{"line":98,"column":1}},"line":26},"3":{"name":"create","decl":{"start":{"line":99,"column":15},"end":{"line":99,"column":21}},"loc":{"start":{"line":99,"column":32},"end":{"line":118,"column":1}},"line":99},"4":{"name":"show","decl":{"start":{"line":119,"column":15},"end":{"line":119,"column":19}},"loc":{"start":{"line":119,"column":36},"end":{"line":156,"column":1}},"line":119},"5":{"name":"update","decl":{"start":{"line":157,"column":15},"end":{"line":157,"column":21}},"loc":{"start":{"line":157,"column":38},"end":{"line":187,"column":1}},"line":157},"6":{"name":"deleteTask","decl":{"start":{"line":188,"column":15},"end":{"line":188,"column":25}},"loc":{"start":{"line":188,"column":42},"end":{"line":223,"column":1}},"line":188},"7":{"name":"(anonymous_7)","decl":{"start":{"line":225,"column":19},"end":{"line":225,"column":20}},"loc":{"start":{"line":225,"column":45},"end":{"line":262,"column":1}},"line":225}},"branchMap":{"0":{"loc":{"start":{"line":19,"column":17},"end":{"line":19,"column":43}},"type":"binary-expr","locations":[{"start":{"line":19,"column":17},"end":{"line":19,"column":29}},{"start":{"line":19,"column":33},"end":{"line":19,"column":43}}],"line":19},"1":{"loc":{"start":{"line":20,"column":24},"end":{"line":20,"column":70}},"type":"cond-expr","locations":[{"start":{"line":20,"column":56},"end":{"line":20,"column":61}},{"start":{"line":20,"column":64},"end":{"line":20,"column":70}}],"line":20},"2":{"loc":{"start":{"line":21,"column":2},"end":{"line":23,"column":3}},"type":"if","locations":[{"start":{"line":21,"column":2},"end":{"line":23,"column":3}},{"start":{},"end":{}}],"line":21},"3":{"loc":{"start":{"line":31,"column":2},"end":{"line":35,"column":3}},"type":"if","locations":[{"start":{"line":31,"column":2},"end":{"line":35,"column":3}},{"start":{},"end":{}}],"line":31},"4":{"loc":{"start":{"line":41,"column":2},"end":{"line":43,"column":3}},"type":"if","locations":[{"start":{"line":41,"column":2},"end":{"line":43,"column":3}},{"start":{},"end":{}}],"line":41},"5":{"loc":{"start":{"line":47,"column":2},"end":{"line":52,"column":3}},"type":"if","locations":[{"start":{"line":47,"column":2},"end":{"line":52,"column":3}},{"start":{},"end":{}}],"line":47},"6":{"loc":{"start":{"line":53,"column":2},"end":{"line":55,"column":3}},"type":"if","locations":[{"start":{"line":53,"column":2},"end":{"line":55,"column":3}},{"start":{},"end":{}}],"line":53},"7":{"loc":{"start":{"line":56,"column":2},"end":{"line":58,"column":3}},"type":"if","locations":[{"start":{"line":56,"column":2},"end":{"line":58,"column":3}},{"start":{},"end":{}}],"line":56},"8":{"loc":{"start":{"line":59,"column":2},"end":{"line":61,"column":3}},"type":"if","locations":[{"start":{"line":59,"column":2},"end":{"line":61,"column":3}},{"start":{},"end":{}}],"line":59},"9":{"loc":{"start":{"line":62,"column":2},"end":{"line":64,"column":3}},"type":"if","locations":[{"start":{"line":62,"column":2},"end":{"line":64,"column":3}},{"start":{},"end":{}}],"line":62},"10":{"loc":{"start":{"line":80,"column":2},"end":{"line":84,"column":3}},"type":"if","locations":[{"start":{"line":80,"column":2},"end":{"line":84,"column":3}},{"start":{},"end":{}}],"line":80},"11":{"loc":{"start":{"line":101,"column":2},"end":{"line":101,"column":31}},"type":"if","locations":[{"start":{"line":101,"column":2},"end":{"line":101,"column":31}},{"start":{},"end":{}}],"line":101},"12":{"loc":{"start":{"line":103,"column":2},"end":{"line":105,"column":3}},"type":"if","locations":[{"start":{"line":103,"column":2},"end":{"line":105,"column":3}},{"start":{},"end":{}}],"line":103},"13":{"loc":{"start":{"line":110,"column":19},"end":{"line":110,"column":45}},"type":"binary-expr","locations":[{"start":{"line":110,"column":19},"end":{"line":110,"column":36}},{"start":{"line":110,"column":40},"end":{"line":110,"column":45}}],"line":110},"14":{"loc":{"start":{"line":122,"column":2},"end":{"line":126,"column":3}},"type":"if","locations":[{"start":{"line":122,"column":2},"end":{"line":126,"column":3}},{"start":{},"end":{}}],"line":122},"15":{"loc":{"start":{"line":141,"column":4},"end":{"line":145,"column":5}},"type":"if","locations":[{"start":{"line":141,"column":4},"end":{"line":145,"column":5}},{"start":{},"end":{}}],"line":141},"16":{"loc":{"start":{"line":148,"column":4},"end":{"line":154,"column":5}},"type":"if","locations":[{"start":{"line":148,"column":4},"end":{"line":154,"column":5}},{"start":{"line":152,"column":11},"end":{"line":154,"column":5}}],"line":148},"17":{"loc":{"start":{"line":159,"column":2},"end":{"line":163,"column":3}},"type":"if","locations":[{"start":{"line":159,"column":2},"end":{"line":163,"column":3}},{"start":{},"end":{}}],"line":159},"18":{"loc":{"start":{"line":165,"column":2},"end":{"line":167,"column":3}},"type":"if","locations":[{"start":{"line":165,"column":2},"end":{"line":167,"column":3}},{"start":{},"end":{}}],"line":165},"19":{"loc":{"start":{"line":179,"column":4},"end":{"line":185,"column":5}},"type":"if","locations":[{"start":{"line":179,"column":4},"end":{"line":185,"column":5}},{"start":{"line":183,"column":11},"end":{"line":185,"column":5}}],"line":179},"20":{"loc":{"start":{"line":191,"column":2},"end":{"line":195,"column":3}},"type":"if","locations":[{"start":{"line":191,"column":2},"end":{"line":195,"column":3}},{"start":{},"end":{}}],"line":191},"21":{"loc":{"start":{"line":215,"column":4},"end":{"line":221,"column":5}},"type":"if","locations":[{"start":{"line":215,"column":4},"end":{"line":221,"column":5}},{"start":{"line":219,"column":11},"end":{"line":221,"column":5}}],"line":215},"22":{"loc":{"start":{"line":227,"column":2},"end":{"line":231,"column":3}},"type":"if","locations":[{"start":{"line":227,"column":2},"end":{"line":231,"column":3}},{"start":{},"end":{}}],"line":227},"23":{"loc":{"start":{"line":227,"column":6},"end":{"line":227,"column":59}},"type":"binary-expr","locations":[{"start":{"line":227,"column":6},"end":{"line":227,"column":12}},{"start":{"line":227,"column":16},"end":{"line":227,"column":37}},{"start":{"line":227,"column":41},"end":{"line":227,"column":59}}],"line":227},"24":{"loc":{"start":{"line":236,"column":4},"end":{"line":240,"column":5}},"type":"if","locations":[{"start":{"line":236,"column":4},"end":{"line":240,"column":5}},{"start":{},"end":{}}],"line":236},"25":{"loc":{"start":{"line":243,"column":19},"end":{"line":243,"column":45}},"type":"binary-expr","locations":[{"start":{"line":243,"column":19},"end":{"line":243,"column":36}},{"start":{"line":243,"column":40},"end":{"line":243,"column":45}}],"line":243},"26":{"loc":{"start":{"line":244,"column":16},"end":{"line":244,"column":42}},"type":"binary-expr","locations":[{"start":{"line":244,"column":16},"end":{"line":244,"column":30}},{"start":{"line":244,"column":34},"end":{"line":244,"column":42}}],"line":244}},"s":{"0":2,"1":2,"2":2,"3":2,"4":1,"5":1,"6":1,"7":2,"8":4,"9":4,"10":4,"11":4,"12":0,"13":4,"14":5,"15":5,"16":0,"17":5,"18":5,"19":5,"20":4,"21":0,"22":4,"23":4,"24":0,"25":4,"26":0,"27":4,"28":0,"29":4,"30":0,"31":4,"32":0,"33":4,"34":4,"35":2,"36":2,"37":2,"38":2,"39":3,"40":0,"41":3,"42":3,"43":0,"44":3,"45":1,"46":2,"47":2,"48":0,"49":2,"50":2,"51":2,"52":1,"53":1,"54":0,"55":0,"56":0,"57":2,"58":2,"59":0,"60":2,"61":2,"62":0,"63":2,"64":2,"65":1,"66":1,"67":1,"68":0,"69":2,"70":2,"71":0,"72":2,"73":2,"74":1,"75":1,"76":1,"77":0,"78":2,"79":0,"80":0,"81":0,"82":0,"83":0,"84":0,"85":0,"86":0,"87":0,"88":0,"89":0,"90":0,"91":0,"92":2},"f":{"0":1,"1":4,"2":5,"3":3,"4":2,"5":2,"6":2,"7":0},"b":{"0":[4,4],"1":[0,4],"2":[0,4],"3":[0,5],"4":[0,4],"5":[0,4],"6":[0,4],"7":[0,4],"8":[0,4],"9":[0,4],"10":[2,2],"11":[0,3],"12":[0,3],"13":[3,0],"14":[0,2],"15":[1,1],"16":[0,0],"17":[0,2],"18":[0,2],"19":[1,0],"20":[0,2],"21":[1,0],"22":[0,0],"23":[0,0,0],"24":[0,0],"25":[0,0],"26":[0,0]},"_coverageSchema":"1a1c01bbd47fc00a2c39e90264f33305004495a9","hash":"b1443d1f99bbe2b04c47038804ec003ba9ea6dfc"}
,"E:\\NODE_CTD\\CTD_NODE_Repository\\node-homework\\controllers\\userController.js": {"path":"E:\\NODE_CTD\\CTD_NODE_Repository\\node-homework\\controllers\\userController.js","statementMap":{"0":{"start":{"line":1,"column":24},"end":{"line":1,"column":52}},"1":{"start":{"line":2,"column":23},"end":{"line":2,"column":58}},"2":{"start":{"line":3,"column":15},"end":{"line":3,"column":32}},"3":{"start":{"line":4,"column":13},"end":{"line":4,"column":28}},"4":{"start":{"line":5,"column":15},"end":{"line":5,"column":44}},"5":{"start":{"line":7,"column":15},"end":{"line":7,"column":38}},"6":{"start":{"line":8,"column":23},"end":{"line":8,"column":40}},"7":{"start":{"line":9,"column":12},"end":{"line":9,"column":35}},"8":{"start":{"line":15,"column":20},"end":{"line":24,"column":1}},"9":{"start":{"line":16,"column":2},"end":{"line":23,"column":4}},"10":{"start":{"line":26,"column":21},"end":{"line":31,"column":1}},"11":{"start":{"line":27,"column":18},"end":{"line":27,"column":58}},"12":{"start":{"line":28,"column":16},"end":{"line":28,"column":78}},"13":{"start":{"line":29,"column":2},"end":{"line":29,"column":69}},"14":{"start":{"line":30,"column":2},"end":{"line":30,"column":27}},"15":{"start":{"line":34,"column":15},"end":{"line":34,"column":53}},"16":{"start":{"line":35,"column":21},"end":{"line":35,"column":53}},"17":{"start":{"line":36,"column":2},"end":{"line":36,"column":49}},"18":{"start":{"line":40,"column":22},"end":{"line":40,"column":43}},"19":{"start":{"line":41,"column":20},"end":{"line":41,"column":43}},"20":{"start":{"line":42,"column":21},"end":{"line":42,"column":58}},"21":{"start":{"line":43,"column":2},"end":{"line":43,"column":55}},"22":{"start":{"line":46,"column":17},"end":{"line":120,"column":1}},"23":{"start":{"line":48,"column":27},"end":{"line":48,"column":79}},"24":{"start":{"line":49,"column":2},"end":{"line":55,"column":3}},"25":{"start":{"line":50,"column":4},"end":{"line":50,"column":44}},"26":{"start":{"line":51,"column":4},"end":{"line":54,"column":7}},"27":{"start":{"line":56,"column":2},"end":{"line":56,"column":42}},"28":{"start":{"line":57,"column":2},"end":{"line":57,"column":60}},"29":{"start":{"line":58,"column":2},"end":{"line":58,"column":24}},"30":{"start":{"line":60,"column":2},"end":{"line":119,"column":3}},"31":{"start":{"line":61,"column":19},"end":{"line":103,"column":6}},"32":{"start":{"line":62,"column":22},"end":{"line":74,"column":8}},"33":{"start":{"line":75,"column":30},"end":{"line":83,"column":7}},"34":{"start":{"line":85,"column":6},"end":{"line":85,"column":58}},"35":{"start":{"line":87,"column":26},"end":{"line":101,"column":8}},"36":{"start":{"line":91,"column":43},"end":{"line":91,"column":50}},"37":{"start":{"line":102,"column":6},"end":{"line":102,"column":38}},"38":{"start":{"line":104,"column":22},"end":{"line":104,"column":60}},"39":{"start":{"line":106,"column":4},"end":{"line":111,"column":7}},"40":{"start":{"line":113,"column":4},"end":{"line":117,"column":5}},"41":{"start":{"line":114,"column":6},"end":{"line":116,"column":9}},"42":{"start":{"line":118,"column":4},"end":{"line":118,"column":19}},"43":{"start":{"line":123,"column":14},"end":{"line":149,"column":1}},"44":{"start":{"line":124,"column":30},"end":{"line":124,"column":38}},"45":{"start":{"line":125,"column":21},"end":{"line":125,"column":40}},"46":{"start":{"line":126,"column":15},"end":{"line":126,"column":77}},"47":{"start":{"line":128,"column":2},"end":{"line":132,"column":3}},"48":{"start":{"line":129,"column":4},"end":{"line":131,"column":50}},"49":{"start":{"line":133,"column":18},"end":{"line":133,"column":70}},"50":{"start":{"line":134,"column":2},"end":{"line":138,"column":3}},"51":{"start":{"line":135,"column":4},"end":{"line":137,"column":50}},"52":{"start":{"line":141,"column":20},"end":{"line":141,"column":48}},"53":{"start":{"line":143,"column":2},"end":{"line":143,"column":43}},"54":{"start":{"line":144,"column":2},"end":{"line":148,"column":5}},"55":{"start":{"line":151,"column":15},"end":{"line":154,"column":1}},"56":{"start":{"line":152,"column":2},"end":{"line":152,"column":43}},"57":{"start":{"line":153,"column":2},"end":{"line":153,"column":40}},"58":{"start":{"line":156,"column":13},"end":{"line":190,"column":1}},"59":{"start":{"line":157,"column":17},"end":{"line":157,"column":40}},"60":{"start":{"line":159,"column":2},"end":{"line":163,"column":3}},"61":{"start":{"line":160,"column":4},"end":{"line":162,"column":42}},"62":{"start":{"line":164,"column":15},"end":{"line":183,"column":4}},"63":{"start":{"line":184,"column":2},"end":{"line":188,"column":3}},"64":{"start":{"line":185,"column":4},"end":{"line":187,"column":43}},"65":{"start":{"line":189,"column":2},"end":{"line":189,"column":40}},"66":{"start":{"line":194,"column":0},"end":{"line":194,"column":51}}},"fnMap":{"0":{"name":"(anonymous_0)","decl":{"start":{"line":15,"column":20},"end":{"line":15,"column":21}},"loc":{"start":{"line":15,"column":29},"end":{"line":24,"column":1}},"line":15},"1":{"name":"(anonymous_1)","decl":{"start":{"line":26,"column":21},"end":{"line":26,"column":22}},"loc":{"start":{"line":26,"column":41},"end":{"line":31,"column":1}},"line":26},"2":{"name":"hashPassword","decl":{"start":{"line":33,"column":15},"end":{"line":33,"column":27}},"loc":{"start":{"line":33,"column":38},"end":{"line":37,"column":1}},"line":33},"3":{"name":"comparePassword","decl":{"start":{"line":39,"column":15},"end":{"line":39,"column":30}},"loc":{"start":{"line":39,"column":58},"end":{"line":44,"column":1}},"line":39},"4":{"name":"(anonymous_4)","decl":{"start":{"line":46,"column":17},"end":{"line":46,"column":18}},"loc":{"start":{"line":46,"column":43},"end":{"line":120,"column":1}},"line":46},"5":{"name":"(anonymous_5)","decl":{"start":{"line":61,"column":45},"end":{"line":61,"column":46}},"loc":{"start":{"line":61,"column":59},"end":{"line":103,"column":5}},"line":61},"6":{"name":"(anonymous_6)","decl":{"start":{"line":91,"column":36},"end":{"line":91,"column":37}},"loc":{"start":{"line":91,"column":43},"end":{"line":91,"column":50}},"line":91},"7":{"name":"(anonymous_7)","decl":{"start":{"line":123,"column":14},"end":{"line":123,"column":15}},"loc":{"start":{"line":123,"column":34},"end":{"line":149,"column":1}},"line":123},"8":{"name":"(anonymous_8)","decl":{"start":{"line":151,"column":15},"end":{"line":151,"column":16}},"loc":{"start":{"line":151,"column":29},"end":{"line":154,"column":1}},"line":151},"9":{"name":"(anonymous_9)","decl":{"start":{"line":156,"column":13},"end":{"line":156,"column":14}},"loc":{"start":{"line":156,"column":33},"end":{"line":190,"column":1}},"line":156}},"branchMap":{"0":{"loc":{"start":{"line":17,"column":8},"end":{"line":19,"column":5}},"type":"binary-expr","locations":[{"start":{"line":17,"column":8},"end":{"line":17,"column":45}},{"start":{"line":17,"column":49},"end":{"line":19,"column":5}}],"line":17},"1":{"loc":{"start":{"line":22,"column":14},"end":{"line":22,"column":68}},"type":"cond-expr","locations":[{"start":{"line":22,"column":54},"end":{"line":22,"column":60}},{"start":{"line":22,"column":63},"end":{"line":22,"column":68}}],"line":22},"2":{"loc":{"start":{"line":49,"column":2},"end":{"line":55,"column":3}},"type":"if","locations":[{"start":{"line":49,"column":2},"end":{"line":55,"column":3}},{"start":{},"end":{}}],"line":49},"3":{"loc":{"start":{"line":113,"column":4},"end":{"line":117,"column":5}},"type":"if","locations":[{"start":{"line":113,"column":4},"end":{"line":117,"column":5}},{"start":{},"end":{}}],"line":113},"4":{"loc":{"start":{"line":113,"column":8},"end":{"line":113,"column":72}},"type":"binary-expr","locations":[{"start":{"line":113,"column":8},"end":{"line":113,"column":50}},{"start":{"line":113,"column":54},"end":{"line":113,"column":72}}],"line":113},"5":{"loc":{"start":{"line":128,"column":2},"end":{"line":132,"column":3}},"type":"if","locations":[{"start":{"line":128,"column":2},"end":{"line":132,"column":3}},{"start":{},"end":{}}],"line":128},"6":{"loc":{"start":{"line":134,"column":2},"end":{"line":138,"column":3}},"type":"if","locations":[{"start":{"line":134,"column":2},"end":{"line":138,"column":3}},{"start":{},"end":{}}],"line":134},"7":{"loc":{"start":{"line":159,"column":2},"end":{"line":163,"column":3}},"type":"if","locations":[{"start":{"line":159,"column":2},"end":{"line":163,"column":3}},{"start":{},"end":{}}],"line":159},"8":{"loc":{"start":{"line":184,"column":2},"end":{"line":188,"column":3}},"type":"if","locations":[{"start":{"line":184,"column":2},"end":{"line":188,"column":3}},{"start":{},"end":{}}],"line":184}},"s":{"0":2,"1":2,"2":2,"3":2,"4":2,"5":2,"6":2,"7":2,"8":2,"9":7,"10":2,"11":5,"12":5,"13":5,"14":5,"15":3,"16":3,"17":3,"18":4,"19":4,"20":4,"21":4,"22":2,"23":3,"24":3,"25":0,"26":0,"27":3,"28":3,"29":3,"30":3,"31":3,"32":3,"33":2,"34":2,"35":2,"36":6,"37":2,"38":2,"39":2,"40":1,"41":1,"42":0,"43":2,"44":4,"45":4,"46":4,"47":4,"48":0,"49":4,"50":4,"51":1,"52":3,"53":3,"54":3,"55":2,"56":2,"57":2,"58":2,"59":0,"60":0,"61":0,"62":0,"63":0,"64":0,"65":0,"66":2},"f":{"0":7,"1":5,"2":3,"3":4,"4":3,"5":3,"6":6,"7":4,"8":2,"9":0},"b":{"0":[7,0],"1":[0,7],"2":[0,3],"3":[1,0],"4":[1,1],"5":[0,4],"6":[1,3],"7":[0,0],"8":[0,0]},"_coverageSchema":"1a1c01bbd47fc00a2c39e90264f33305004495a9","hash":"7e6967e7c949b581a56767b315294a150fb75a28"}
,"E:\\NODE_CTD\\CTD_NODE_Repository\\node-homework\\db\\prisma.js": {"path":"E:\\NODE_CTD\\CTD_NODE_Repository\\node-homework\\db\\prisma.js","statementMap":{"0":{"start":{"line":1,"column":25},"end":{"line":1,"column":50}},"1":{"start":{"line":3,"column":0},"end":{"line":7,"column":1}},"2":{"start":{"line":4,"column":2},"end":{"line":4,"column":28}},"3":{"start":{"line":6,"column":2},"end":{"line":6,"column":12}},"4":{"start":{"line":9,"column":15},"end":{"line":9,"column":37}},"5":{"start":{"line":11,"column":0},"end":{"line":11,"column":24}}},"fnMap":{},"branchMap":{"0":{"loc":{"start":{"line":3,"column":0},"end":{"line":7,"column":1}},"type":"if","locations":[{"start":{"line":3,"column":0},"end":{"line":7,"column":1}},{"start":{"line":5,"column":7},"end":{"line":7,"column":1}}],"line":3},"1":{"loc":{"start":{"line":3,"column":4},"end":{"line":3,"column":67}},"type":"binary-expr","locations":[{"start":{"line":3,"column":4},"end":{"line":3,"column":25}},{"start":{"line":3,"column":29},"end":{"line":3,"column":67}}],"line":3}},"s":{"0":3,"1":3,"2":0,"3":3,"4":3,"5":3},"f":{},"b":{"0":[0,3],"1":[3,3]},"_coverageSchema":"1a1c01bbd47fc00a2c39e90264f33305004495a9","hash":"ebe874106a33f6b21f520cf73b1aedb6929241df"}
,"E:\\NODE_CTD\\CTD_NODE_Repository\\node-homework\\middleware\\error-handler.js": {"path":"E:\\NODE_CTD\\CTD_NODE_Repository\\node-homework\\middleware\\error-handler.js","statementMap":{"0":{"start":{"line":1,"column":24},"end":{"line":1,"column":52}},"1":{"start":{"line":4,"column":31},"end":{"line":23,"column":1}},"2":{"start":{"line":5,"column":2},"end":{"line":9,"column":3}},"3":{"start":{"line":6,"column":4},"end":{"line":8,"column":6}},"4":{"start":{"line":10,"column":2},"end":{"line":12,"column":3}},"5":{"start":{"line":11,"column":4},"end":{"line":11,"column":70}},"6":{"start":{"line":13,"column":2},"end":{"line":17,"column":4}},"7":{"start":{"line":18,"column":2},"end":{"line":22,"column":3}},"8":{"start":{"line":19,"column":4},"end":{"line":21,"column":63}},"9":{"start":{"line":25,"column":0},"end":{"line":25,"column":40}}},"fnMap":{"0":{"name":"(anonymous_0)","decl":{"start":{"line":4,"column":31},"end":{"line":4,"column":32}},"loc":{"start":{"line":4,"column":56},"end":{"line":23,"column":1}},"line":4}},"branchMap":{"0":{"loc":{"start":{"line":5,"column":2},"end":{"line":9,"column":3}},"type":"if","locations":[{"start":{"line":5,"column":2},"end":{"line":9,"column":3}},{"start":{},"end":{}}],"line":5},"1":{"loc":{"start":{"line":5,"column":6},"end":{"line":5,"column":54}},"type":"binary-expr","locations":[{"start":{"line":5,"column":6},"end":{"line":5,"column":33}},{"start":{"line":5,"column":37},"end":{"line":5,"column":54}}],"line":5},"2":{"loc":{"start":{"line":10,"column":2},"end":{"line":12,"column":3}},"type":"if","locations":[{"start":{"line":10,"column":2},"end":{"line":12,"column":3}},{"start":{},"end":{}}],"line":10},"3":{"loc":{"start":{"line":18,"column":2},"end":{"line":22,"column":3}},"type":"if","locations":[{"start":{"line":18,"column":2},"end":{"line":22,"column":3}},{"start":{},"end":{}}],"line":18}},"s":{"0":1,"1":1,"2":0,"3":0,"4":0,"5":0,"6":0,"7":0,"8":0,"9":1},"f":{"0":0},"b":{"0":[0,0],"1":[0,0],"2":[0,0],"3":[0,0]},"_coverageSchema":"1a1c01bbd47fc00a2c39e90264f33305004495a9","hash":"f41b7e27f743c43f93a2a5bbd5c621db0549915f"}
,"E:\\NODE_CTD\\CTD_NODE_Repository\\node-homework\\middleware\\jwtMiddleware.js": {"path":"E:\\NODE_CTD\\CTD_NODE_Repository\\node-homework\\middleware\\jwtMiddleware.js","statementMap":{"0":{"start":{"line":1,"column":12},"end":{"line":1,"column":35}},"1":{"start":{"line":2,"column":24},"end":{"line":2,"column":52}},"2":{"start":{"line":4,"column":16},"end":{"line":8,"column":1}},"3":{"start":{"line":5,"column":2},"end":{"line":7,"column":52}},"4":{"start":{"line":9,"column":21},"end":{"line":26,"column":1}},"5":{"start":{"line":10,"column":16},"end":{"line":10,"column":33}},"6":{"start":{"line":11,"column":2},"end":{"line":13,"column":3}},"7":{"start":{"line":12,"column":4},"end":{"line":12,"column":24}},"8":{"start":{"line":14,"column":2},"end":{"line":25,"column":5}},"9":{"start":{"line":15,"column":4},"end":{"line":17,"column":5}},"10":{"start":{"line":16,"column":6},"end":{"line":16,"column":26}},"11":{"start":{"line":18,"column":4},"end":{"line":18,"column":34}},"12":{"start":{"line":19,"column":4},"end":{"line":23,"column":5}},"13":{"start":{"line":20,"column":6},"end":{"line":22,"column":7}},"14":{"start":{"line":21,"column":8},"end":{"line":21,"column":28}},"15":{"start":{"line":24,"column":4},"end":{"line":24,"column":11}},"16":{"start":{"line":28,"column":0},"end":{"line":28,"column":30}}},"fnMap":{"0":{"name":"(anonymous_0)","decl":{"start":{"line":4,"column":16},"end":{"line":4,"column":17}},"loc":{"start":{"line":4,"column":25},"end":{"line":8,"column":1}},"line":4},"1":{"name":"(anonymous_1)","decl":{"start":{"line":9,"column":21},"end":{"line":9,"column":22}},"loc":{"start":{"line":9,"column":47},"end":{"line":26,"column":1}},"line":9},"2":{"name":"(anonymous_2)","decl":{"start":{"line":14,"column":44},"end":{"line":14,"column":45}},"loc":{"start":{"line":14,"column":62},"end":{"line":25,"column":3}},"line":14}},"branchMap":{"0":{"loc":{"start":{"line":11,"column":2},"end":{"line":13,"column":3}},"type":"if","locations":[{"start":{"line":11,"column":2},"end":{"line":13,"column":3}},{"start":{},"end":{}}],"line":11},"1":{"loc":{"start":{"line":15,"column":4},"end":{"line":17,"column":5}},"type":"if","locations":[{"start":{"line":15,"column":4},"end":{"line":17,"column":5}},{"start":{},"end":{}}],"line":15},"2":{"loc":{"start":{"line":19,"column":4},"end":{"line":23,"column":5}},"type":"if","locations":[{"start":{"line":19,"column":4},"end":{"line":23,"column":5}},{"start":{},"end":{}}],"line":19},"3":{"loc":{"start":{"line":20,"column":6},"end":{"line":22,"column":7}},"type":"if","locations":[{"start":{"line":20,"column":6},"end":{"line":22,"column":7}},{"start":{},"end":{}}],"line":20}},"s":{"0":2,"1":2,"2":2,"3":4,"4":2,"5":7,"6":7,"7":2,"8":5,"9":5,"10":1,"11":4,"12":4,"13":3,"14":1,"15":3,"16":2},"f":{"0":4,"1":7,"2":5},"b":{"0":[2,5],"1":[1,4],"2":[3,1],"3":[1,2]},"_coverageSchema":"1a1c01bbd47fc00a2c39e90264f33305004495a9","hash":"50853fce63d9cae9bfea6abd935156ee4c989e56"}
,"E:\\NODE_CTD\\CTD_NODE_Repository\\node-homework\\middleware\\not-found.js": {"path":"E:\\NODE_CTD\\CTD_NODE_Repository\\node-homework\\middleware\\not-found.js","statementMap":{"0":{"start":{"line":1,"column":24},"end":{"line":1,"column":52}},"1":{"start":{"line":2,"column":17},"end":{"line":6,"column":1}},"2":{"start":{"line":3,"column":2},"end":{"line":5,"column":70}},"3":{"start":{"line":8,"column":0},"end":{"line":8,"column":26}}},"fnMap":{"0":{"name":"(anonymous_0)","decl":{"start":{"line":2,"column":17},"end":{"line":2,"column":18}},"loc":{"start":{"line":2,"column":31},"end":{"line":6,"column":1}},"line":2}},"branchMap":{},"s":{"0":1,"1":1,"2":0,"3":1},"f":{"0":0},"b":{},"_coverageSchema":"1a1c01bbd47fc00a2c39e90264f33305004495a9","hash":"9000c0099c29246a1428fd53da4f89bd1f71b8df"}
,"E:\\NODE_CTD\\CTD_NODE_Repository\\node-homework\\routes\\analyticsRoutes.js": {"path":"E:\\NODE_CTD\\CTD_NODE_Repository\\node-homework\\routes\\analyticsRoutes.js","statementMap":{"0":{"start":{"line":1,"column":16},"end":{"line":1,"column":34}},"1":{"start":{"line":2,"column":15},"end":{"line":2,"column":31}},"2":{"start":{"line":7,"column":4},"end":{"line":7,"column":49}},"3":{"start":{"line":9,"column":0},"end":{"line":9,"column":49}},"4":{"start":{"line":10,"column":0},"end":{"line":10,"column":46}},"5":{"start":{"line":11,"column":0},"end":{"line":11,"column":47}},"6":{"start":{"line":13,"column":0},"end":{"line":13,"column":24}}},"fnMap":{},"branchMap":{},"s":{"0":1,"1":1,"2":1,"3":1,"4":1,"5":1,"6":1},"f":{},"b":{},"_coverageSchema":"1a1c01bbd47fc00a2c39e90264f33305004495a9","hash":"290c8456f7066c70cf8f46c0cdc7b6adb105cee4"}
,"E:\\NODE_CTD\\CTD_NODE_Repository\\node-homework\\routes\\taskRoutes.js": {"path":"E:\\NODE_CTD\\CTD_NODE_Repository\\node-homework\\routes\\taskRoutes.js","statementMap":{"0":{"start":{"line":1,"column":16},"end":{"line":1,"column":34}},"1":{"start":{"line":2,"column":15},"end":{"line":2,"column":31}},"2":{"start":{"line":10,"column":4},"end":{"line":10,"column":44}},"3":{"start":{"line":12,"column":0},"end":{"line":12,"column":29}},"4":{"start":{"line":13,"column":0},"end":{"line":13,"column":31}},"5":{"start":{"line":14,"column":0},"end":{"line":14,"column":39}},"6":{"start":{"line":15,"column":0},"end":{"line":15,"column":31}},"7":{"start":{"line":16,"column":0},"end":{"line":16,"column":35}},"8":{"start":{"line":17,"column":0},"end":{"line":17,"column":40}},"9":{"start":{"line":19,"column":0},"end":{"line":19,"column":24}}},"fnMap":{},"branchMap":{},"s":{"0":1,"1":1,"2":1,"3":1,"4":1,"5":1,"6":1,"7":1,"8":1,"9":1},"f":{},"b":{},"_coverageSchema":"1a1c01bbd47fc00a2c39e90264f33305004495a9","hash":"f8c987c195bada6f6f62e7698b8791bdc03f0f24"}
,"E:\\NODE_CTD\\CTD_NODE_Repository\\node-homework\\routes\\userRoutes.js": {"path":"E:\\NODE_CTD\\CTD_NODE_Repository\\node-homework\\routes\\userRoutes.js","statementMap":{"0":{"start":{"line":1,"column":16},"end":{"line":1,"column":34}},"1":{"start":{"line":2,"column":15},"end":{"line":2,"column":31}},"2":{"start":{"line":3,"column":36},"end":{"line":3,"column":76}},"3":{"start":{"line":4,"column":22},"end":{"line":4,"column":60}},"4":{"start":{"line":6,"column":0},"end":{"line":6,"column":41}},"5":{"start":{"line":7,"column":0},"end":{"line":7,"column":35}},"6":{"start":{"line":8,"column":0},"end":{"line":8,"column":52}},"7":{"start":{"line":10,"column":0},"end":{"line":10,"column":24}}},"fnMap":{},"branchMap":{},"s":{"0":1,"1":1,"2":1,"3":1,"4":1,"5":1,"6":1,"7":1},"f":{},"b":{},"_coverageSchema":"1a1c01bbd47fc00a2c39e90264f33305004495a9","hash":"6a52ca41fbdc5cbd45c9ccb053f5734b56f88f21"}
,"E:\\NODE_CTD\\CTD_NODE_Repository\\node-homework\\test\\waitForRouteHandlerCompletion.js": {"path":"E:\\NODE_CTD\\CTD_NODE_Repository\\node-homework\\test\\waitForRouteHandlerCompletion.js","statementMap":{"0":{"start":{"line":1,"column":38},"end":{"line":15,"column":1}},"1":{"start":{"line":3,"column":18},"end":{"line":11,"column":4}},"2":{"start":{"line":4,"column":4},"end":{"line":7,"column":7}},"3":{"start":{"line":5,"column":6},"end":{"line":5,"column":38}},"4":{"start":{"line":5,"column":17},"end":{"line":5,"column":38}},"5":{"start":{"line":6,"column":6},"end":{"line":6,"column":16}},"6":{"start":{"line":8,"column":4},"end":{"line":10,"column":7}},"7":{"start":{"line":9,"column":6},"end":{"line":9,"column":16}},"8":{"start":{"line":12,"column":2},"end":{"line":12,"column":29}},"9":{"start":{"line":13,"column":2},"end":{"line":13,"column":16}},"10":{"start":{"line":14,"column":2},"end":{"line":14,"column":14}},"11":{"start":{"line":16,"column":0},"end":{"line":16,"column":47}}},"fnMap":{"0":{"name":"(anonymous_0)","decl":{"start":{"line":1,"column":38},"end":{"line":1,"column":39}},"loc":{"start":{"line":1,"column":64},"end":{"line":15,"column":1}},"line":1},"1":{"name":"(anonymous_1)","decl":{"start":{"line":3,"column":30},"end":{"line":3,"column":31}},"loc":{"start":{"line":3,"column":51},"end":{"line":11,"column":3}},"line":3},"2":{"name":"(anonymous_2)","decl":{"start":{"line":4,"column":19},"end":{"line":4,"column":20}},"loc":{"start":{"line":4,"column":30},"end":{"line":7,"column":5}},"line":4},"3":{"name":"(anonymous_3)","decl":{"start":{"line":8,"column":21},"end":{"line":8,"column":22}},"loc":{"start":{"line":8,"column":27},"end":{"line":10,"column":5}},"line":8}},"branchMap":{"0":{"loc":{"start":{"line":5,"column":6},"end":{"line":5,"column":38}},"type":"if","locations":[{"start":{"line":5,"column":6},"end":{"line":5,"column":38}},{"start":{},"end":{}}],"line":5}},"s":{"0":2,"1":22,"2":22,"3":1,"4":0,"5":1,"6":22,"7":18,"8":22,"9":19,"10":19,"11":2},"f":{"0":22,"1":22,"2":1,"3":18},"b":{"0":[0,1]},"_coverageSchema":"1a1c01bbd47fc00a2c39e90264f33305004495a9","hash":"53a7f283a12b62cbdd8617d7ded6edcc107dc8c9"}
,"E:\\NODE_CTD\\CTD_NODE_Repository\\node-homework\\validation\\querySchema.js": {"path":"E:\\NODE_CTD\\CTD_NODE_Repository\\node-homework\\validation\\querySchema.js","statementMap":{"0":{"start":{"line":1,"column":12},"end":{"line":1,"column":26}},"1":{"start":{"line":3,"column":20},"end":{"line":7,"column":2}},"2":{"start":{"line":9,"column":0},"end":{"line":9,"column":29}}},"fnMap":{},"branchMap":{},"s":{"0":2,"1":2,"2":2},"f":{},"b":{},"_coverageSchema":"1a1c01bbd47fc00a2c39e90264f33305004495a9","hash":"dd654259dae275b09499f0ff98c1430af945904d"}
,"E:\\NODE_CTD\\CTD_NODE_Repository\\node-homework\\validation\\taskSchema.js": {"path":"E:\\NODE_CTD\\CTD_NODE_Repository\\node-homework\\validation\\taskSchema.js","statementMap":{"0":{"start":{"line":1,"column":12},"end":{"line":1,"column":26}},"1":{"start":{"line":3,"column":19},"end":{"line":7,"column":2}},"2":{"start":{"line":8,"column":24},"end":{"line":14,"column":52}},"3":{"start":{"line":16,"column":0},"end":{"line":16,"column":49}}},"fnMap":{},"branchMap":{},"s":{"0":3,"1":3,"2":3,"3":3},"f":{},"b":{},"_coverageSchema":"1a1c01bbd47fc00a2c39e90264f33305004495a9","hash":"f252adfccf60646661c21c835951e9d03b9aba70"}
,"E:\\NODE_CTD\\CTD_NODE_Repository\\node-homework\\validation\\userSchema.js": {"path":"E:\\NODE_CTD\\CTD_NODE_Repository\\node-homework\\validation\\userSchema.js","statementMap":{"0":{"start":{"line":1,"column":12},"end":{"line":1,"column":26}},"1":{"start":{"line":3,"column":19},"end":{"line":15,"column":2}},"2":{"start":{"line":17,"column":0},"end":{"line":17,"column":32}}},"fnMap":{},"branchMap":{},"s":{"0":3,"1":3,"2":3},"f":{},"b":{},"_coverageSchema":"1a1c01bbd47fc00a2c39e90264f33305004495a9","hash":"9d001286332997386ed379d1cc1709c0f6e82471"}
}
