TN:
SF:app.js
FN:33,(anonymous_0)
FN:44,(anonymous_1)
FN:54,(anonymous_2)
FN:58,(anonymous_3)
FN:78,(anonymous_4)
FN:87,(anonymous_5)
FN:97,shutdown
FN:102,(anonymous_7)
FN:116,(anonymous_8)
FN:117,(anonymous_9)
FN:118,(anonymous_10)
FN:122,(anonymous_11)
FNF:12
FNH:2
FNDA:6,(anonymous_0)
FNDA:0,(anonymous_1)
FNDA:0,(anonymous_2)
FNDA:0,(anonymous_3)
FNDA:1,(anonymous_4)
FNDA:0,(anonymous_5)
FNDA:0,shutdown
FNDA:0,(anonymous_7)
FNDA:0,(anonymous_8)
FNDA:0,(anonymous_9)
FNDA:0,(anonymous_10)
FNDA:0,(anonymous_11)
DA:1,1
DA:2,1
DA:3,1
DA:4,1
DA:5,1
DA:6,1
DA:7,1
DA:8,1
DA:10,1
DA:11,1
DA:12,1
DA:14,1
DA:15,1
DA:16,1
DA:17,1
DA:19,1
DA:21,1
DA:22,1
DA:24,1
DA:25,1
DA:33,1
DA:34,6
DA:42,6
DA:44,1
DA:45,0
DA:46,0
DA:47,0
DA:49,0
DA:54,1
DA:55,0
DA:58,1
DA:59,0
DA:62,1
DA:63,1
DA:64,1
DA:65,1
DA:66,1
DA:67,1
DA:70,1
DA:71,1
DA:77,1
DA:78,1
DA:79,1
DA:80,1
DA:87,1
DA:88,0
DA:89,0
DA:91,0
DA:94,1
DA:98,0
DA:99,0
DA:100,0
DA:101,0
DA:102,0
DA:104,0
DA:105,0
DA:106,0
DA:108,0
DA:109,0
DA:111,0
DA:112,0
DA:116,1
DA:117,1
DA:118,1
DA:119,0
DA:120,0
DA:122,1
DA:123,0
DA:124,0
DA:130,1
LF:70
LH:45
BRDA:77,0,0,1
BRDA:77,0,1,1
BRDA:88,1,0,0
BRDA:88,1,1,0
BRDA:97,2,0,0
BRDA:98,3,0,0
BRDA:98,3,1,0
BRF:7
BRH:2
end_of_record
TN:
SF:controllers\analyticsController.js
FN:4,(anonymous_0)
FN:59,(anonymous_1)
FN:80,(anonymous_2)
FN:101,(anonymous_3)
FNF:4
FNH:0
FNDA:0,(anonymous_0)
FNDA:0,(anonymous_1)
FNDA:0,(anonymous_2)
FNDA:0,(anonymous_3)
DA:1,1
DA:2,1
DA:4,1
DA:5,0
DA:6,0
DA:7,0
DA:11,0
DA:14,0
DA:15,0
DA:19,0
DA:26,0
DA:44,0
DA:45,0
DA:46,0
DA:55,0
DA:59,1
DA:60,0
DA:61,0
DA:62,0
DA:63,0
DA:80,0
DA:88,0
DA:90,0
DA:99,0
DA:101,1
DA:102,0
DA:103,0
DA:104,0
DA:108,0
DA:110,0
DA:111,0
DA:112,0
DA:114,0
DA:139,0
DA:145,1
LF:35
LH:6
BRDA:6,0,0,0
BRDA:6,0,1,0
BRDA:14,1,0,0
BRDA:14,1,1,0
BRDA:60,2,0,0
BRDA:60,2,1,0
BRDA:61,3,0,0
BRDA:61,3,1,0
BRDA:102,4,0,0
BRDA:102,4,1,0
BRDA:103,5,0,0
BRDA:103,5,1,0
BRDA:103,6,0,0
BRDA:103,6,1,0
BRDA:108,7,0,0
BRDA:108,7,1,0
BRF:16
BRH:0
end_of_record
TN:
SF:controllers\taskController.js
FN:6,sanitize
FN:11,(anonymous_1)
FN:26,index
FN:99,create
FN:119,show
FN:157,update
FN:188,deleteTask
FN:225,(anonymous_7)
FNF:8
FNH:7
FNDA:1,sanitize
FNDA:4,(anonymous_1)
FNDA:5,index
FNDA:3,create
FNDA:2,show
FNDA:2,update
FNDA:2,deleteTask
FNDA:0,(anonymous_7)
DA:1,2
DA:2,2
DA:3,2
DA:4,2
DA:7,1
DA:8,1
DA:9,1
DA:11,2
DA:12,4
DA:19,4
DA:20,4
DA:21,4
DA:22,0
DA:24,4
DA:30,5
DA:31,5
DA:32,0
DA:36,5
DA:37,5
DA:39,5
DA:41,4
DA:42,0
DA:45,4
DA:47,4
DA:48,0
DA:53,4
DA:54,0
DA:56,4
DA:57,0
DA:59,4
DA:60,0
DA:62,4
DA:63,0
DA:66,4
DA:80,4
DA:81,2
DA:85,2
DA:88,2
DA:97,2
DA:101,3
DA:102,3
DA:103,3
DA:104,0
DA:107,3
DA:117,1
DA:120,2
DA:122,2
DA:123,0
DA:127,2
DA:128,2
DA:141,2
DA:142,1
DA:146,1
DA:148,0
DA:149,0
DA:153,0
DA:158,2
DA:159,2
DA:160,0
DA:164,2
DA:165,2
DA:166,0
DA:168,2
DA:169,2
DA:177,1
DA:179,1
DA:180,1
DA:184,0
DA:190,2
DA:191,2
DA:192,0
DA:197,2
DA:198,2
DA:211,1
DA:215,1
DA:216,1
DA:220,0
DA:225,2
DA:226,0
DA:227,0
DA:228,0
DA:233,0
DA:234,0
DA:235,0
DA:236,0
DA:237,0
DA:241,0
DA:249,0
DA:250,0
DA:254,0
DA:260,0
DA:264,2
LF:92
LH:61
BRDA:19,0,0,4
BRDA:19,0,1,4
BRDA:20,1,0,0
BRDA:20,1,1,4
BRDA:21,2,0,0
BRDA:21,2,1,4
BRDA:31,3,0,0
BRDA:31,3,1,5
BRDA:41,4,0,0
BRDA:41,4,1,4
BRDA:47,5,0,0
BRDA:47,5,1,4
BRDA:53,6,0,0
BRDA:53,6,1,4
BRDA:56,7,0,0
BRDA:56,7,1,4
BRDA:59,8,0,0
BRDA:59,8,1,4
BRDA:62,9,0,0
BRDA:62,9,1,4
BRDA:80,10,0,2
BRDA:80,10,1,2
BRDA:101,11,0,0
BRDA:101,11,1,3
BRDA:103,12,0,0
BRDA:103,12,1,3
BRDA:110,13,0,3
BRDA:110,13,1,0
BRDA:122,14,0,0
BRDA:122,14,1,2
BRDA:141,15,0,1
BRDA:141,15,1,1
BRDA:148,16,0,0
BRDA:148,16,1,0
BRDA:159,17,0,0
BRDA:159,17,1,2
BRDA:165,18,0,0
BRDA:165,18,1,2
BRDA:179,19,0,1
BRDA:179,19,1,0
BRDA:191,20,0,0
BRDA:191,20,1,2
BRDA:215,21,0,1
BRDA:215,21,1,0
BRDA:227,22,0,0
BRDA:227,22,1,0
BRDA:227,23,0,0
BRDA:227,23,1,0
BRDA:227,23,2,0
BRDA:236,24,0,0
BRDA:236,24,1,0
BRDA:243,25,0,0
BRDA:243,25,1,0
BRDA:244,26,0,0
BRDA:244,26,1,0
BRF:55
BRH:24
end_of_record
TN:
SF:controllers\userController.js
FN:15,(anonymous_0)
FN:26,(anonymous_1)
FN:33,hashPassword
FN:39,comparePassword
FN:46,(anonymous_4)
FN:61,(anonymous_5)
FN:91,(anonymous_6)
FN:123,(anonymous_7)
FN:151,(anonymous_8)
FN:156,(anonymous_9)
FNF:10
FNH:9
FNDA:7,(anonymous_0)
FNDA:5,(anonymous_1)
FNDA:3,hashPassword
FNDA:4,comparePassword
FNDA:3,(anonymous_4)
FNDA:3,(anonymous_5)
FNDA:6,(anonymous_6)
FNDA:4,(anonymous_7)
FNDA:2,(anonymous_8)
FNDA:0,(anonymous_9)
DA:1,2
DA:2,2
DA:3,2
DA:4,2
DA:5,2
DA:7,2
DA:8,2
DA:9,2
DA:15,2
DA:16,7
DA:26,2
DA:27,5
DA:28,5
DA:29,5
DA:30,5
DA:34,3
DA:35,3
DA:36,3
DA:40,4
DA:41,4
DA:42,4
DA:43,4
DA:46,2
DA:48,3
DA:49,3
DA:50,0
DA:51,0
DA:56,3
DA:57,3
DA:58,3
DA:60,3
DA:61,3
DA:62,3
DA:75,2
DA:85,2
DA:87,2
DA:91,6
DA:102,2
DA:104,2
DA:106,2
DA:113,1
DA:114,1
DA:118,0
DA:123,2
DA:124,4
DA:125,4
DA:126,4
DA:128,4
DA:129,0
DA:133,4
DA:134,4
DA:135,1
DA:141,3
DA:143,3
DA:144,3
DA:151,2
DA:152,2
DA:153,2
DA:156,2
DA:157,0
DA:159,0
DA:160,0
DA:164,0
DA:184,0
DA:185,0
DA:189,0
DA:194,2
LF:67
LH:56
BRDA:17,0,0,7
BRDA:17,0,1,0
BRDA:22,1,0,0
BRDA:22,1,1,7
BRDA:49,2,0,0
BRDA:49,2,1,3
BRDA:113,3,0,1
BRDA:113,3,1,0
BRDA:113,4,0,1
BRDA:113,4,1,1
BRDA:128,5,0,0
BRDA:128,5,1,4
BRDA:134,6,0,1
BRDA:134,6,1,3
BRDA:159,7,0,0
BRDA:159,7,1,0
BRDA:184,8,0,0
BRDA:184,8,1,0
BRF:18
BRH:9
end_of_record
TN:
SF:db\prisma.js
FNF:0
FNH:0
DA:1,3
DA:3,3
DA:4,0
DA:6,3
DA:9,3
DA:11,3
LF:6
LH:5
BRDA:3,0,0,0
BRDA:3,0,1,3
BRDA:3,1,0,3
BRDA:3,1,1,3
BRF:4
BRH:3
end_of_record
TN:
SF:middleware\error-handler.js
FN:4,(anonymous_0)
FNF:1
FNH:0
FNDA:0,(anonymous_0)
DA:1,1
DA:4,1
DA:5,0
DA:6,0
DA:10,0
DA:11,0
DA:13,0
DA:18,0
DA:19,0
DA:25,1
LF:10
LH:3
BRDA:5,0,0,0
BRDA:5,0,1,0
BRDA:5,1,0,0
BRDA:5,1,1,0
BRDA:10,2,0,0
BRDA:10,2,1,0
BRDA:18,3,0,0
BRDA:18,3,1,0
BRF:8
BRH:0
end_of_record
TN:
SF:middleware\jwtMiddleware.js
FN:4,(anonymous_0)
FN:9,(anonymous_1)
FN:14,(anonymous_2)
FNF:3
FNH:3
FNDA:4,(anonymous_0)
FNDA:7,(anonymous_1)
FNDA:5,(anonymous_2)
DA:1,2
DA:2,2
DA:4,2
DA:5,4
DA:9,2
DA:10,7
DA:11,7
DA:12,2
DA:14,5
DA:15,5
DA:16,1
DA:18,4
DA:19,4
DA:20,3
DA:21,1
DA:24,3
DA:28,2
LF:17
LH:17
BRDA:11,0,0,2
BRDA:11,0,1,5
BRDA:15,1,0,1
BRDA:15,1,1,4
BRDA:19,2,0,3
BRDA:19,2,1,1
BRDA:20,3,0,1
BRDA:20,3,1,2
BRF:8
BRH:8
end_of_record
TN:
SF:middleware\not-found.js
FN:2,(anonymous_0)
FNF:1
FNH:0
FNDA:0,(anonymous_0)
DA:1,1
DA:2,1
DA:3,0
DA:8,1
LF:4
LH:3
BRF:0
BRH:0
end_of_record
TN:
SF:routes\analyticsRoutes.js
FNF:0
FNH:0
DA:1,1
DA:2,1
DA:7,1
DA:9,1
DA:10,1
DA:11,1
DA:13,1
LF:7
LH:7
BRF:0
BRH:0
end_of_record
TN:
SF:routes\taskRoutes.js
FNF:0
FNH:0
DA:1,1
DA:2,1
DA:10,1
DA:12,1
DA:13,1
DA:14,1
DA:15,1
DA:16,1
DA:17,1
DA:19,1
LF:10
LH:10
BRF:0
BRH:0
end_of_record
TN:
SF:routes\userRoutes.js
FNF:0
FNH:0
DA:1,1
DA:2,1
DA:3,1
DA:4,1
DA:6,1
DA:7,1
DA:8,1
DA:10,1
LF:8
LH:8
BRF:0
BRH:0
end_of_record
TN:
SF:test\waitForRouteHandlerCompletion.js
FN:1,(anonymous_0)
FN:3,(anonymous_1)
FN:4,(anonymous_2)
FN:8,(anonymous_3)
FNF:4
FNH:4
FNDA:22,(anonymous_0)
FNDA:22,(anonymous_1)
FNDA:1,(anonymous_2)
FNDA:18,(anonymous_3)
DA:1,2
DA:3,22
DA:4,22
DA:5,1
DA:6,1
DA:8,22
DA:9,18
DA:12,22
DA:13,19
DA:14,19
DA:16,2
LF:11
LH:11
BRDA:5,0,0,0
BRDA:5,0,1,1
BRF:2
BRH:1
end_of_record
TN:
SF:validation\querySchema.js
FNF:0
FNH:0
DA:1,2
DA:3,2
DA:9,2
LF:3
LH:3
BRF:0
BRH:0
end_of_record
TN:
SF:validation\taskSchema.js
FNF:0
FNH:0
DA:1,3
DA:3,3
DA:8,3
DA:16,3
LF:4
LH:4
BRF:0
BRH:0
end_of_record
TN:
SF:validation\userSchema.js
FNF:0
FNH:0
DA:1,3
DA:3,3
DA:17,3
LF:3
LH:3
BRF:0
BRH:0
end_of_record
